<?xml version="1.0" encoding="UTF-8"?>
<!-- Generated by org.testng.reporters.JUnitReportReporter -->
<testsuite hostname="John-PC" failures="0" tests="1" name="day3.FluentWaitClass" time="18.491" errors="0" timestamp="13 Aug 2018 05:47:15 GMT" skipped="0">
  <testcase classname="day3.FluentWaitClass" name="fluentWaitMethod" time="18.491"/>
</testsuite> <!-- day3.FluentWaitClass -->
