<?xml version="1.0" encoding="UTF-8"?>
<!-- Generated by org.testng.reporters.JUnitReportReporter -->
<testsuite hostname="John-PC" failures="0" tests="1" name="day3.JavaSE_Test" time="19.945" errors="0" timestamp="12 Aug 2018 00:35:33 GMT" skipped="0">
  <testcase classname="day3.JavaSE_Test" name="Login" time="19.945"/>
</testsuite> <!-- day3.JavaSE_Test -->
