<?xml version="1.0" encoding="UTF-8"?>
<!-- Generated by org.testng.reporters.JUnitReportReporter -->
<testsuite hostname="John-PC" failures="0" tests="3" name="day7.AnnotationsDemo" time="0.011" errors="0" timestamp="30 Aug 2018 17:10:37 GMT" skipped="0">
  <testcase classname="day7.AnnotationsDemo" name="f2" time="0.000"/>
  <testcase classname="day7.AnnotationsDemo" name="f3" time="0.010"/>
  <testcase classname="day7.AnnotationsDemo" name="f1" time="0.001"/>
</testsuite> <!-- day7.AnnotationsDemo -->
